
  ___  ____  ____  ____  ____ (R)
 /__    /   ____/   /   ____/
___/   /   /___/   /   /___/   15.1   Copyright 1985-2017 StataCorp LLC
  Statistics/Data Analysis            StataCorp
                                      4905 Lakeway Drive
                                      College Station, Texas 77845 USA
                                      800-STATA-PC        http://www.stata.com
                                      979-696-4600        stata@stata.com
                                      979-696-4601 (fax)

5-user Stata network perpetual license:
       Serial number:  501506250252
         Licensed to:  University of Cambridge
                       Cambridge, United Kingdom

Notes:
      1.  Stata is running in batch mode.
      2.  Unicode is supported; see help unicode_advice.

. do ngs.do 

. 
. local panel : env panel

. local opt : env opt

. insheet using work/NPX-`opt'.csv, case clear delim(;)
unexpected end of file
r(612);

end of do-file
r(612);
